This file contains any messages produced by compilers while
running configure, to aid debugging if configure makes a mistake.

It was created by configure, which was
generated by GNU Autoconf 2.69.  Invocation command line was

  $ ./configure --enable-toml

## --------- ##
## Platform. ##
## --------- ##

hostname = mslinux
uname -m = x86_64
uname -r = 4.14.15-1-ARCH
uname -s = Linux
uname -v = #1 SMP PREEMPT Tue Jan 23 21:49:25 UTC 2018

/usr/bin/uname -p = unknown
/bin/uname -X     = unknown

/bin/arch              = unknown
/usr/bin/arch -k       = unknown
/usr/convex/getsysinfo = unknown
/usr/bin/hostinfo      = unknown
/bin/machine           = unknown
/usr/bin/oslevel       = unknown
/bin/universe          = unknown

PATH: /usr/local/sbin
PATH: /usr/local/bin
PATH: /usr/bin
PATH: /usr/lib/jvm/default/bin
PATH: /usr/bin/site_perl
PATH: /usr/bin/vendor_perl
PATH: /usr/bin/core_perl
PATH: /var/www/parracan.org/private/vendor/phalcon/devtools


## ----------- ##
## Core tests. ##
## ----------- ##

configure:2340: checking for grep that handles long lines and -e
configure:2398: result: /usr/bin/grep
configure:2403: checking for egrep
configure:2465: result: /usr/bin/grep -E
configure:2470: checking for a sed that does not truncate output
configure:2524: result: /usr/bin/sed
configure:2719: checking for C compiler version
configure:2728: gcc --version >&5
gcc (GCC) 7.2.1 20180116
Copyright (C) 2017 Free Software Foundation, Inc.
This is free software; see the source for copying conditions.  There is NO
warranty; not even for MERCHANTABILITY or FITNESS FOR A PARTICULAR PURPOSE.

configure:2739: $? = 0
configure:2728: gcc -v >&5
Using built-in specs.
COLLECT_GCC=gcc
COLLECT_LTO_WRAPPER=/usr/lib/gcc/x86_64-pc-linux-gnu/7.2.1/lto-wrapper
Target: x86_64-pc-linux-gnu
Configured with: /build/gcc/src/gcc/configure --prefix=/usr --libdir=/usr/lib --libexecdir=/usr/lib --mandir=/usr/share/man --infodir=/usr/share/info --with-bugurl=https://bugs.archlinux.org/ --enable-languages=c,c++,ada,fortran,go,lto,objc,obj-c++ --enable-shared --enable-threads=posix --enable-libmpx --with-system-zlib --with-isl --enable-__cxa_atexit --disable-libunwind-exceptions --enable-clocale=gnu --disable-libstdcxx-pch --disable-libssp --enable-gnu-unique-object --enable-linker-build-id --enable-lto --enable-plugin --enable-install-libiberty --with-linker-hash-style=gnu --enable-gnu-indirect-function --enable-multilib --disable-werror --enable-checking=release --enable-default-pie --enable-default-ssp
Thread model: posix
gcc version 7.2.1 20180116 (GCC) 
configure:2739: $? = 0
configure:2728: gcc -V >&5
gcc: error: unrecognized command line option '-V'
gcc: fatal error: no input files
compilation terminated.
configure:2739: $? = 1
configure:2728: gcc -qversion >&5
gcc: error: unrecognized command line option '-qversion'; did you mean '--version'?
gcc: fatal error: no input files
compilation terminated.
configure:2739: $? = 1
configure:2759: checking whether the C compiler works
configure:2781: gcc -O2 -fvisibility=hidden -Wparentheses -flto -DZEPHIR_RELEASE=1   conftest.c  >&5
configure:2785: $? = 0
configure:2833: result: yes
configure:2836: checking for C compiler default output file name
configure:2838: result: a.out
configure:2844: checking for suffix of executables
configure:2851: gcc -o conftest -O2 -fvisibility=hidden -Wparentheses -flto -DZEPHIR_RELEASE=1   conftest.c  >&5
configure:2855: $? = 0
configure:2877: result: 
configure:2899: checking whether we are cross compiling
configure:2907: gcc -o conftest -O2 -fvisibility=hidden -Wparentheses -flto -DZEPHIR_RELEASE=1   conftest.c  >&5
configure:2911: $? = 0
configure:2918: ./conftest
configure:2922: $? = 0
configure:2937: result: no
configure:2942: checking for suffix of object files
configure:2964: gcc -c -O2 -fvisibility=hidden -Wparentheses -flto -DZEPHIR_RELEASE=1  conftest.c >&5
configure:2968: $? = 0
configure:2989: result: o
configure:2993: checking whether we are using the GNU C compiler
configure:3012: gcc -c -O2 -fvisibility=hidden -Wparentheses -flto -DZEPHIR_RELEASE=1  conftest.c >&5
configure:3012: $? = 0
configure:3021: result: yes
configure:3030: checking whether gcc accepts -g
configure:3050: gcc -c -g  conftest.c >&5
configure:3050: $? = 0
configure:3091: result: yes
configure:3108: checking for gcc option to accept ISO C89
configure:3171: gcc  -c -O2 -fvisibility=hidden -Wparentheses -flto -DZEPHIR_RELEASE=1  conftest.c >&5
configure:3171: $? = 0
configure:3184: result: none needed
configure:3210: checking how to run the C preprocessor
configure:3241: gcc -E  conftest.c
configure:3241: $? = 0
configure:3255: gcc -E  conftest.c
conftest.c:9:10: fatal error: ac_nonexistent.h: No such file or directory
 #include <ac_nonexistent.h>
          ^~~~~~~~~~~~~~~~~~
compilation terminated.
configure:3255: $? = 1
configure: failed program was:
| /* confdefs.h */
| #define PACKAGE_NAME ""
| #define PACKAGE_TARNAME ""
| #define PACKAGE_VERSION ""
| #define PACKAGE_STRING ""
| #define PACKAGE_BUGREPORT ""
| #define PACKAGE_URL ""
| /* end confdefs.h.  */
| #include <ac_nonexistent.h>
configure:3280: result: gcc -E
configure:3300: gcc -E  conftest.c
configure:3300: $? = 0
configure:3314: gcc -E  conftest.c
conftest.c:9:10: fatal error: ac_nonexistent.h: No such file or directory
 #include <ac_nonexistent.h>
          ^~~~~~~~~~~~~~~~~~
compilation terminated.
configure:3314: $? = 1
configure: failed program was:
| /* confdefs.h */
| #define PACKAGE_NAME ""
| #define PACKAGE_TARNAME ""
| #define PACKAGE_VERSION ""
| #define PACKAGE_STRING ""
| #define PACKAGE_BUGREPORT ""
| #define PACKAGE_URL ""
| /* end confdefs.h.  */
| #include <ac_nonexistent.h>
configure:3345: checking for icc
configure:3354: result: no
configure:3368: checking for suncc
configure:3377: result: no
configure:3392: checking whether gcc and cc understand -c and -o together
configure:3423: gcc -c conftest.c -o conftest2.o >&5
configure:3427: $? = 0
configure:3433: gcc -c conftest.c -o conftest2.o >&5
configure:3437: $? = 0
configure:3448: cc -c conftest.c >&5
configure:3452: $? = 0
configure:3460: cc -c conftest.c -o conftest2.o >&5
configure:3464: $? = 0
configure:3470: cc -c conftest.c -o conftest2.o >&5
configure:3474: $? = 0
configure:3492: result: yes
configure:3506: checking for system library directory
configure:3521: result: lib
configure:3528: checking if compiler supports -R
configure:3547: gcc -o conftest -O2 -fvisibility=hidden -Wparentheses -flto -DZEPHIR_RELEASE=1   conftest.c -R /usr/lib  >&5
gcc: error: unrecognized command line option '-R'
configure:3547: $? = 1
configure: failed program was:
| /* confdefs.h */
| #define PACKAGE_NAME ""
| #define PACKAGE_TARNAME ""
| #define PACKAGE_VERSION ""
| #define PACKAGE_STRING ""
| #define PACKAGE_BUGREPORT ""
| #define PACKAGE_URL ""
| /* end confdefs.h.  */
| 
| int
| main ()
| {
| 
|   ;
|   return 0;
| }
configure:3557: result: no
configure:3562: checking if compiler supports -Wl,-rpath,
configure:3581: gcc -o conftest -O2 -fvisibility=hidden -Wparentheses -flto -DZEPHIR_RELEASE=1   conftest.c -Wl,-rpath,/usr/lib  >&5
configure:3581: $? = 0
configure:3591: result: yes
configure:3636: checking build system type
configure:3650: result: x86_64-unknown-linux-gnu
configure:3670: checking host system type
configure:3683: result: x86_64-unknown-linux-gnu
configure:3703: checking target system type
configure:3716: result: x86_64-unknown-linux-gnu
configure:3819: checking for PHP prefix
configure:3821: result: /usr
configure:3823: checking for PHP includes
configure:3825: result: -I/usr/include/php -I/usr/include/php/main -I/usr/include/php/TSRM -I/usr/include/php/Zend -I/usr/include/php/ext -I/usr/include/php/ext/date/lib
configure:3827: checking for PHP extension directory
configure:3829: result: /usr/lib/php/modules
configure:3831: checking for PHP installed headers prefix
configure:3833: result: /usr/include/php
configure:3836: checking if debug is enabled
configure:3862: result: no
configure:3865: checking if zts is enabled
configure:3891: result: no
configure:3962: checking for re2c
configure:3978: found /usr/bin/re2c
configure:3989: result: re2c
configure:3998: checking for re2c version
configure:4012: result: 1.0.3 (ok)
configure:4031: checking for gawk
configure:4048: found /usr/bin/gawk
configure:4059: result: gawk
configure:4102: checking whether to enable toml
configure:4141: result: yes, shared
configure:4514: checking whether HAVE_BUNDLED_PCRE is declared
configure:4514: gcc -c -O2 -fvisibility=hidden -Wparentheses -flto -DZEPHIR_RELEASE=1  -I/usr/include/php -I/usr/include/php/main -I/usr/include/php/TSRM -I/usr/include/php/Zend -I/usr/include/php/ext -I/usr/include/php/ext/date/lib conftest.c >&5
conftest.c: In function 'main':
conftest.c:21:10: error: 'HAVE_BUNDLED_PCRE' undeclared (first use in this function); did you mean 'HAVE_INET_PTON'?
   (void) HAVE_BUNDLED_PCRE;
          ^~~~~~~~~~~~~~~~~
          HAVE_INET_PTON
conftest.c:21:10: note: each undeclared identifier is reported only once for each function it appears in
configure:4514: $? = 1
configure: failed program was:
| /* confdefs.h */
| #define PACKAGE_NAME ""
| #define PACKAGE_TARNAME ""
| #define PACKAGE_VERSION ""
| #define PACKAGE_STRING ""
| #define PACKAGE_BUGREPORT ""
| #define PACKAGE_URL ""
| #define HAVE_TOML 1
| #define COMPILE_DL_TOML 1
| /* end confdefs.h.  */
| #include "php_config.h"
| 
| 
| int
| main ()
| {
| #ifndef HAVE_BUNDLED_PCRE
| #ifdef __cplusplus
|   (void) HAVE_BUNDLED_PCRE;
| #else
|   (void) HAVE_BUNDLED_PCRE;
| #endif
| #endif
| 
|   ;
|   return 0;
| }
configure:4514: result: no
configure:4560: checking whether HAVE_JSON is declared
configure:4560: gcc -c -O2 -fvisibility=hidden -Wparentheses -flto -DZEPHIR_RELEASE=1  -I/usr/include/php -I/usr/include/php/main -I/usr/include/php/TSRM -I/usr/include/php/Zend -I/usr/include/php/ext -I/usr/include/php/ext/date/lib conftest.c >&5
configure:4560: $? = 0
configure:4560: result: yes
configure:4567: checking for ext/json/php_json.h
configure:4567: gcc -c -O2 -fvisibility=hidden -Wparentheses -flto -DZEPHIR_RELEASE=1  -I/usr/include/php -I/usr/include/php/main -I/usr/include/php/TSRM -I/usr/include/php/Zend -I/usr/include/php/ext -I/usr/include/php/ext/date/lib conftest.c >&5
configure:4567: $? = 0
configure:4567: result: yes
configure:4724: checking for ld used by gcc
configure:4791: result: /usr/bin/ld
configure:4798: checking if the linker (/usr/bin/ld) is GNU ld
configure:4813: result: yes
configure:4818: checking for /usr/bin/ld option to reload object files
configure:4825: result: -r
configure:4843: checking for BSD-compatible nm
configure:4892: result: /usr/bin/nm -B
configure:4896: checking whether ln -s works
configure:4900: result: yes
configure:4907: checking how to recognize dependent libraries
configure:5093: result: pass_all
configure:5178: gcc -c -O2 -fvisibility=hidden -Wparentheses -flto -DZEPHIR_RELEASE=1  conftest.c >&5
configure:5181: $? = 0
configure:5311: checking for ANSI C header files
configure:5331: gcc -c -O2 -fvisibility=hidden -Wparentheses -flto -DZEPHIR_RELEASE=1  conftest.c >&5
configure:5331: $? = 0
configure:5404: gcc -o conftest -O2 -fvisibility=hidden -Wparentheses -flto -DZEPHIR_RELEASE=1   conftest.c  >&5
configure:5404: $? = 0
configure:5404: ./conftest
configure:5404: $? = 0
configure:5415: result: yes
configure:5428: checking for sys/types.h
configure:5428: gcc -c -O2 -fvisibility=hidden -Wparentheses -flto -DZEPHIR_RELEASE=1  conftest.c >&5
configure:5428: $? = 0
configure:5428: result: yes
configure:5428: checking for sys/stat.h
configure:5428: gcc -c -O2 -fvisibility=hidden -Wparentheses -flto -DZEPHIR_RELEASE=1  conftest.c >&5
configure:5428: $? = 0
configure:5428: result: yes
configure:5428: checking for stdlib.h
configure:5428: gcc -c -O2 -fvisibility=hidden -Wparentheses -flto -DZEPHIR_RELEASE=1  conftest.c >&5
configure:5428: $? = 0
configure:5428: result: yes
configure:5428: checking for string.h
configure:5428: gcc -c -O2 -fvisibility=hidden -Wparentheses -flto -DZEPHIR_RELEASE=1  conftest.c >&5
configure:5428: $? = 0
configure:5428: result: yes
configure:5428: checking for memory.h
configure:5428: gcc -c -O2 -fvisibility=hidden -Wparentheses -flto -DZEPHIR_RELEASE=1  conftest.c >&5
configure:5428: $? = 0
configure:5428: result: yes
configure:5428: checking for strings.h
configure:5428: gcc -c -O2 -fvisibility=hidden -Wparentheses -flto -DZEPHIR_RELEASE=1  conftest.c >&5
configure:5428: $? = 0
configure:5428: result: yes
configure:5428: checking for inttypes.h
configure:5428: gcc -c -O2 -fvisibility=hidden -Wparentheses -flto -DZEPHIR_RELEASE=1  conftest.c >&5
configure:5428: $? = 0
configure:5428: result: yes
configure:5428: checking for stdint.h
configure:5428: gcc -c -O2 -fvisibility=hidden -Wparentheses -flto -DZEPHIR_RELEASE=1  conftest.c >&5
configure:5428: $? = 0
configure:5428: result: yes
configure:5428: checking for unistd.h
configure:5428: gcc -c -O2 -fvisibility=hidden -Wparentheses -flto -DZEPHIR_RELEASE=1  conftest.c >&5
configure:5428: $? = 0
configure:5428: result: yes
configure:5442: checking dlfcn.h usability
configure:5442: gcc -c -O2 -fvisibility=hidden -Wparentheses -flto -DZEPHIR_RELEASE=1  conftest.c >&5
configure:5442: $? = 0
configure:5442: result: yes
configure:5442: checking dlfcn.h presence
configure:5442: gcc -E  conftest.c
configure:5442: $? = 0
configure:5442: result: yes
configure:5442: checking for dlfcn.h
configure:5442: result: yes
configure:5464: checking the maximum length of command line arguments
configure:5576: result: 1572864
configure:5588: checking command to parse /usr/bin/nm -B output from gcc object
configure:5693: gcc -c -O2 -fvisibility=hidden -Wparentheses -flto -DZEPHIR_RELEASE=1  conftest.c >&5
configure:5696: $? = 0
configure:5700: /usr/bin/nm -B conftest.o \| sed -n -e 's/^.*[ 	]\([ABCDGIRSTW][ABCDGIRSTW]*\)[ 	][ 	]*\([_A-Za-z][_A-Za-z0-9]*\)$/\1 \2 \2/p' \> conftest.nm
configure:5703: $? = 0
configure:5755: gcc -o conftest -O2 -fvisibility=hidden -Wparentheses -flto -DZEPHIR_RELEASE=1   conftest.c conftstm.o >&5
conftest.c:6:12: error: function 'nm_test_func' redeclared as variable
 extern int nm_test_func;
            ^
conftest.c:5:6: note: previously declared here
 extern int nm_test_var;
      ^
conftest.c:5:12: warning: type of 'nm_test_var' does not match original declaration [-Wlto-type-mismatch]
 extern int nm_test_var;
            ^
conftest.c:4:6: note: type 'char' should match type 'int'
 
      ^
conftest.c:4:6: note: 'nm_test_var' was previously declared here
lto1: fatal error: errors during merging of translation units
compilation terminated.
lto-wrapper: fatal error: gcc returned 1 exit status
compilation terminated.
/usr/bin/ld: error: lto-wrapper failed
collect2: error: ld returned 1 exit status
configure:5758: $? = 1
configure:5693: gcc -c -O2 -fvisibility=hidden -Wparentheses -flto -DZEPHIR_RELEASE=1  conftest.c >&5
configure:5696: $? = 0
configure:5700: /usr/bin/nm -B conftest.o \| sed -n -e 's/^.*[ 	]\([ABCDGIRSTW][ABCDGIRSTW]*\)[ 	][ 	]*_\([_A-Za-z][_A-Za-z0-9]*\)$/\1 _\2 \2/p' \> conftest.nm
configure:5703: $? = 0
cannot run sed -n -e 's/^.*[ 	]\([ABCDGIRSTW][ABCDGIRSTW]*\)[ 	][ 	]*_\([_A-Za-z][_A-Za-z0-9]*\)$/\1 _\2 \2/p'
configure:5793: result: failed
configure:5800: checking for objdir
configure:5815: result: .libs
configure:5907: checking for ar
configure:5923: found /usr/bin/ar
configure:5934: result: ar
configure:5999: checking for ranlib
configure:6015: found /usr/bin/ranlib
configure:6026: result: ranlib
configure:6091: checking for strip
configure:6107: found /usr/bin/strip
configure:6118: result: strip
configure:6687: checking if gcc supports -fno-rtti -fno-exceptions
configure:6705: gcc -c -O2 -fvisibility=hidden -Wparentheses -flto -DZEPHIR_RELEASE=1  -fno-rtti -fno-exceptions conftest.c >&5
cc1: warning: command line option '-fno-rtti' is valid for C++/ObjC++ but not for C
configure:6709: $? = 0
configure:6722: result: no
configure:6737: checking for gcc option to produce PIC
configure:6977: result: -fPIC
configure:6985: checking if gcc PIC flag -fPIC works
configure:7003: gcc -c -O2 -fvisibility=hidden -Wparentheses -flto -DZEPHIR_RELEASE=1  -fPIC -DPIC conftest.c >&5
configure:7007: $? = 0
configure:7020: result: yes
configure:7048: checking if gcc static flag -static works
configure:7076: result: yes
configure:7086: checking if gcc supports -c -o file.o
configure:7107: gcc -c -O2 -fvisibility=hidden -Wparentheses -flto -DZEPHIR_RELEASE=1  -o out/conftest2.o conftest.c >&5
configure:7111: $? = 0
configure:7133: result: yes
configure:7159: checking whether the gcc linker (/usr/bin/ld -m elf_x86_64) supports shared libraries
configure:8087: result: yes
configure:8108: checking whether -lc should be explicitly linked in
configure:8113: gcc -c -O2 -fvisibility=hidden -Wparentheses -flto -DZEPHIR_RELEASE=1  conftest.c >&5
configure:8116: $? = 0
configure:8131: gcc -shared conftest.o  -v -Wl,-soname -Wl,conftest -o conftest 2\>\&1 \| grep  -lc  \>/dev/null 2\>\&1
configure:8134: $? = 0
configure:8146: result: no
configure:8154: checking dynamic linker characteristics
configure:8752: result: GNU/Linux ld.so
configure:8776: checking how to hardcode library paths into programs
configure:8801: result: immediate
configure:8815: checking whether stripping libraries is possible
configure:8820: result: yes
configure:9337: checking if libtool supports shared libraries
configure:9339: result: yes
configure:9342: checking whether to build shared libraries
configure:9363: result: yes
configure:9366: checking whether to build static libraries
configure:9370: result: no
configure:9465: result:
creating libtool
configure:13164: creating ./config.status

## ---------------------- ##
## Running config.status. ##
## ---------------------- ##

This file was extended by config.status, which was
generated by GNU Autoconf 2.69.  Invocation command line was

  CONFIG_FILES    = 
  CONFIG_HEADERS  = 
  CONFIG_LINKS    = 
  CONFIG_COMMANDS = 
  $ ./config.status 

on mslinux

config.status:679: creating config.h

## ---------------- ##
## Cache variables. ##
## ---------------- ##

ac_cv_build=x86_64-unknown-linux-gnu
ac_cv_c_compiler_gnu=yes
ac_cv_env_CC_set=set
ac_cv_env_CC_value=gcc
ac_cv_env_CFLAGS_set=set
ac_cv_env_CFLAGS_value='-O2 -fvisibility=hidden -Wparentheses -flto -DZEPHIR_RELEASE=1'
ac_cv_env_CPPFLAGS_set=
ac_cv_env_CPPFLAGS_value=
ac_cv_env_CPP_set=
ac_cv_env_CPP_value=
ac_cv_env_LDFLAGS_set=
ac_cv_env_LDFLAGS_value=
ac_cv_env_LIBS_set=
ac_cv_env_LIBS_value=
ac_cv_env_build_alias_set=
ac_cv_env_build_alias_value=
ac_cv_env_host_alias_set=
ac_cv_env_host_alias_value=
ac_cv_env_target_alias_set=
ac_cv_env_target_alias_value=
ac_cv_have_decl_HAVE_BUNDLED_PCRE=no
ac_cv_have_decl_HAVE_JSON=yes
ac_cv_header_dlfcn_h=yes
ac_cv_header_ext_json_php_json_h=yes
ac_cv_header_inttypes_h=yes
ac_cv_header_memory_h=yes
ac_cv_header_stdc=yes
ac_cv_header_stdint_h=yes
ac_cv_header_stdlib_h=yes
ac_cv_header_string_h=yes
ac_cv_header_strings_h=yes
ac_cv_header_sys_stat_h=yes
ac_cv_header_sys_types_h=yes
ac_cv_header_unistd_h=yes
ac_cv_host=x86_64-unknown-linux-gnu
ac_cv_objext=o
ac_cv_path_EGREP='/usr/bin/grep -E'
ac_cv_path_GREP=/usr/bin/grep
ac_cv_prog_AWK=gawk
ac_cv_prog_CPP='gcc -E'
ac_cv_prog_RE2C=re2c
ac_cv_prog_ac_ct_AR=ar
ac_cv_prog_ac_ct_RANLIB=ranlib
ac_cv_prog_ac_ct_STRIP=strip
ac_cv_prog_cc_c89=
ac_cv_prog_cc_g=yes
ac_cv_prog_cc_gcc_c_o=yes
ac_cv_target=x86_64-unknown-linux-gnu
lt_cv_deplibs_check_method=pass_all
lt_cv_file_magic_cmd='$MAGIC_CMD'
lt_cv_file_magic_test_file=
lt_cv_ld_reload_flag=-r
lt_cv_objdir=.libs
lt_cv_path_LD=/usr/bin/ld
lt_cv_path_NM='/usr/bin/nm -B'
lt_cv_path_SED=/usr/bin/sed
lt_cv_prog_compiler_c_o=yes
lt_cv_prog_compiler_pic_works=yes
lt_cv_prog_compiler_rtti_exceptions=no
lt_cv_prog_compiler_static_works=yes
lt_cv_prog_gnu_ld=yes
lt_cv_sys_global_symbol_pipe=
lt_cv_sys_global_symbol_to_c_name_address='sed -n -e '\''s/^: \([^ ]*\) $/  {\"\1\", (lt_ptr) 0},/p'\'' -e '\''s/^[BCDEGRST] \([^ ]*\) \([^ ]*\)$/  {"\2", (lt_ptr) \&\2},/p'\'''
lt_cv_sys_global_symbol_to_cdecl=
lt_cv_sys_lib_dlsearch_path_spec='/lib /usr/lib /usr/lib/ /usr/lib/ffmpeg2.8/ /usr/lib/libfakeroot /usr/lib32 '
lt_cv_sys_lib_search_path_spec='/usr/lib/gcc/x86_64-pc-linux-gnu/7.2.1 /usr/lib /lib'
lt_cv_sys_max_cmd_len=1572864
lt_lt_cv_prog_compiler_c_o='"yes"'
lt_lt_cv_sys_global_symbol_pipe='""'
lt_lt_cv_sys_global_symbol_to_c_name_address='"sed -n -e '\''s/^: \\([^ ]*\\) \$/  {\\\"\\1\\\", (lt_ptr) 0},/p'\'' -e '\''s/^[BCDEGRST] \\([^ ]*\\) \\([^ ]*\\)\$/  {\"\\2\", (lt_ptr) \\&\\2},/p'\''"'
lt_lt_cv_sys_global_symbol_to_cdecl='""'
php_cv_cc_dashr=no
php_cv_cc_rpath=yes
php_cv_re2c_version='1.0.3 (ok)'

## ----------------- ##
## Output variables. ##
## ----------------- ##

AR='ar'
AWK='gawk'
CC='gcc'
CFLAGS='-O2 -fvisibility=hidden -Wparentheses -flto -DZEPHIR_RELEASE=1'
CONFIGURE_COMMAND=' '\''./configure'\''  '\''--enable-toml'\'''
CONFIGURE_OPTIONS=' '\''--enable-toml'\'''
CPP='gcc -E'
CPPFLAGS=' -DHAVE_CONFIG_H'
DEFS='-DHAVE_CONFIG_H'
DSYMUTIL=''
ECHO='echo'
ECHO_C=''
ECHO_N='-n'
ECHO_T=''
EGREP='/usr/bin/grep -E'
EXEEXT=''
GREP='/usr/bin/grep'
LDFLAGS=''
LIBOBJS=''
LIBS=''
LIBTOOL='$(SHELL) $(top_builddir)/libtool'
LN_S='ln -s'
LTLIBOBJS=''
NMEDIT=''
OBJEXT='o'
PACKAGE_BUGREPORT=''
PACKAGE_NAME=''
PACKAGE_STRING=''
PACKAGE_TARNAME=''
PACKAGE_URL=''
PACKAGE_VERSION=''
PATH_SEPARATOR=':'
RANLIB='ranlib'
RE2C='re2c'
SED='/usr/bin/sed'
SHELL='/bin/sh'
SHLIB_DL_SUFFIX_NAME='so'
SHLIB_SUFFIX_NAME='so'
STRIP='strip'
ac_ct_CC=''
bindir='${exec_prefix}/bin'
build='x86_64-unknown-linux-gnu'
build_alias=''
build_cpu='x86_64'
build_os='linux-gnu'
build_vendor='unknown'
datadir='${datarootdir}'
datarootdir='${prefix}/share'
docdir='${datarootdir}/doc/${PACKAGE}'
dvidir='${docdir}'
exec_prefix='$(prefix)'
host='x86_64-unknown-linux-gnu'
host_alias='x86_64-unknown-linux-gnu'
host_cpu='x86_64'
host_os='linux-gnu'
host_vendor='unknown'
htmldir='${docdir}'
includedir='${prefix}/include'
infodir='${datarootdir}/info'
libdir='${exec_prefix}/lib'
libexecdir='${exec_prefix}/libexec'
localedir='${datarootdir}/locale'
localstatedir='${prefix}/var'
mandir='${datarootdir}/man'
oldincludedir='/usr/include'
pdfdir='${docdir}'
prefix='/usr'
program_transform_name='s,x,x,'
psdir='${docdir}'
sbindir='${exec_prefix}/sbin'
sharedstatedir='${prefix}/com'
sysconfdir='${prefix}/etc'
target='x86_64-unknown-linux-gnu'
target_alias=''
target_cpu='x86_64'
target_os='linux-gnu'
target_vendor='unknown'

## ----------- ##
## confdefs.h. ##
## ----------- ##

/* confdefs.h */
#define PACKAGE_NAME ""
#define PACKAGE_TARNAME ""
#define PACKAGE_VERSION ""
#define PACKAGE_STRING ""
#define PACKAGE_BUGREPORT ""
#define PACKAGE_URL ""
#define HAVE_TOML 1
#define COMPILE_DL_TOML 1
#define HAVE_EXT_JSON_PHP_JSON_H 1
#define ZEPHIR_USE_PHP_JSON 1
#define STDC_HEADERS 1
#define HAVE_SYS_TYPES_H 1
#define HAVE_SYS_STAT_H 1
#define HAVE_STDLIB_H 1
#define HAVE_STRING_H 1
#define HAVE_MEMORY_H 1
#define HAVE_STRINGS_H 1
#define HAVE_INTTYPES_H 1
#define HAVE_STDINT_H 1
#define HAVE_UNISTD_H 1
#define HAVE_DLFCN_H 1

configure: exit 0
